[27-Nov-2020 02:44:32 Europe/Berlin] PHP Notice:  Undefined index: login in C:\xampp\htdocs\Q&A\login.php on line 8
[27-Nov-2020 02:45:58 Europe/Berlin] PHP Notice:  Undefined index: login in C:\xampp\htdocs\Q&A\login.php on line 8
[27-Nov-2020 02:56:25 Europe/Berlin] PHP Notice:  Undefined index: login in C:\xampp\htdocs\Q&A\login.php on line 8
[27-Nov-2020 02:57:02 Europe/Berlin] PHP Notice:  Undefined index: login in C:\xampp\htdocs\Q&A\login.php on line 8
[27-Nov-2020 02:57:27 Europe/Berlin] PHP Notice:  Undefined index: login in C:\xampp\htdocs\Q&A\login.php on line 8
[27-Nov-2020 02:57:38 Europe/Berlin] PHP Notice:  Undefined index: login in C:\xampp\htdocs\Q&A\login.php on line 8
[27-Nov-2020 02:59:00 Europe/Berlin] PHP Notice:  Undefined index: login in C:\xampp\htdocs\Q&A\login.php on line 8
[27-Nov-2020 02:59:02 Europe/Berlin] PHP Notice:  Undefined index: login in C:\xampp\htdocs\Q&A\login.php on line 8
[27-Nov-2020 02:59:07 Europe/Berlin] PHP Notice:  Undefined index: login in C:\xampp\htdocs\Q&A\login.php on line 8
[27-Nov-2020 03:02:06 Europe/Berlin] PHP Notice:  Undefined index: login in C:\xampp\htdocs\Q&A\login.php on line 8
[27-Nov-2020 03:02:53 Europe/Berlin] PHP Notice:  Undefined index: login in C:\xampp\htdocs\Q&A\login.php on line 8
[27-Nov-2020 03:03:32 Europe/Berlin] PHP Notice:  Undefined index: login in C:\xampp\htdocs\Q&A\login.php on line 8
[27-Nov-2020 03:03:35 Europe/Berlin] PHP Notice:  Undefined index: login in C:\xampp\htdocs\Q&A\login.php on line 8
[27-Nov-2020 03:03:36 Europe/Berlin] PHP Notice:  Undefined index: login in C:\xampp\htdocs\Q&A\login.php on line 8
[27-Nov-2020 03:03:42 Europe/Berlin] PHP Notice:  Undefined index: login in C:\xampp\htdocs\Q&A\login.php on line 8
[27-Nov-2020 03:03:43 Europe/Berlin] PHP Notice:  Undefined index: register in C:\xampp\htdocs\Q&A\register.php on line 6
[27-Nov-2020 03:09:36 Europe/Berlin] PHP Notice:  Undefined index: register in C:\xampp\htdocs\Q&A\register.php on line 6
[27-Nov-2020 03:10:13 Europe/Berlin] PHP Notice:  Undefined index: register in C:\xampp\htdocs\Q&A\register.php on line 6
[27-Nov-2020 03:10:41 Europe/Berlin] PHP Notice:  Undefined index: register in C:\xampp\htdocs\Q&A\register.php on line 6
[27-Nov-2020 03:10:41 Europe/Berlin] PHP Notice:  Undefined variable: PAGE_TITLE in C:\xampp\htdocs\Q&A\includes\template\head.php on line 16
[27-Nov-2020 03:10:41 Europe/Berlin] PHP Notice:  Undefined variable: CURRENT_PAGE in C:\xampp\htdocs\Q&A\includes\template\head.php on line 18
[27-Nov-2020 03:10:41 Europe/Berlin] PHP Notice:  Undefined variable: CURRENT_PAGE in C:\xampp\htdocs\Q&A\includes\template\head.php on line 21
[27-Nov-2020 03:10:41 Europe/Berlin] PHP Notice:  Undefined variable: CURRENT_PAGE in C:\xampp\htdocs\Q&A\includes\template\navigation.php on line 9
[27-Nov-2020 03:10:41 Europe/Berlin] PHP Notice:  Undefined variable: CURRENT_PAGE in C:\xampp\htdocs\Q&A\includes\template\navigation.php on line 10
[27-Nov-2020 03:10:41 Europe/Berlin] PHP Notice:  Undefined variable: CURRENT_PAGE in C:\xampp\htdocs\Q&A\includes\template\navigation.php on line 12
[27-Nov-2020 03:11:07 Europe/Berlin] PHP Notice:  Undefined index: confirm_password in C:\xampp\htdocs\Q&A\register.php on line 10
[27-Nov-2020 03:11:07 Europe/Berlin] PHP Notice:  Undefined variable: PAGE_TITLE in C:\xampp\htdocs\Q&A\includes\template\head.php on line 16
[27-Nov-2020 03:11:07 Europe/Berlin] PHP Notice:  Undefined variable: CURRENT_PAGE in C:\xampp\htdocs\Q&A\includes\template\head.php on line 18
[27-Nov-2020 03:11:07 Europe/Berlin] PHP Notice:  Undefined variable: CURRENT_PAGE in C:\xampp\htdocs\Q&A\includes\template\head.php on line 21
[27-Nov-2020 03:11:07 Europe/Berlin] PHP Notice:  Undefined variable: CURRENT_PAGE in C:\xampp\htdocs\Q&A\includes\template\navigation.php on line 9
[27-Nov-2020 03:11:07 Europe/Berlin] PHP Notice:  Undefined variable: CURRENT_PAGE in C:\xampp\htdocs\Q&A\includes\template\navigation.php on line 10
[27-Nov-2020 03:11:07 Europe/Berlin] PHP Notice:  Undefined variable: CURRENT_PAGE in C:\xampp\htdocs\Q&A\includes\template\navigation.php on line 12
[27-Nov-2020 03:11:51 Europe/Berlin] PHP Notice:  Undefined index: confirm_password in C:\xampp\htdocs\Q&A\register.php on line 10
[27-Nov-2020 03:11:51 Europe/Berlin] PHP Notice:  Undefined variable: PAGE_TITLE in C:\xampp\htdocs\Q&A\includes\template\head.php on line 16
[27-Nov-2020 03:11:51 Europe/Berlin] PHP Notice:  Undefined variable: CURRENT_PAGE in C:\xampp\htdocs\Q&A\includes\template\head.php on line 18
[27-Nov-2020 03:11:51 Europe/Berlin] PHP Notice:  Undefined variable: CURRENT_PAGE in C:\xampp\htdocs\Q&A\includes\template\head.php on line 21
[27-Nov-2020 03:11:51 Europe/Berlin] PHP Notice:  Undefined variable: CURRENT_PAGE in C:\xampp\htdocs\Q&A\includes\template\navigation.php on line 9
[27-Nov-2020 03:11:51 Europe/Berlin] PHP Notice:  Undefined variable: CURRENT_PAGE in C:\xampp\htdocs\Q&A\includes\template\navigation.php on line 10
[27-Nov-2020 03:11:51 Europe/Berlin] PHP Notice:  Undefined variable: CURRENT_PAGE in C:\xampp\htdocs\Q&A\includes\template\navigation.php on line 12
[27-Nov-2020 03:11:55 Europe/Berlin] PHP Notice:  Undefined index: register in C:\xampp\htdocs\Q&A\register.php on line 6
[27-Nov-2020 03:11:55 Europe/Berlin] PHP Notice:  Undefined variable: PAGE_TITLE in C:\xampp\htdocs\Q&A\includes\template\head.php on line 16
[27-Nov-2020 03:11:55 Europe/Berlin] PHP Notice:  Undefined variable: CURRENT_PAGE in C:\xampp\htdocs\Q&A\includes\template\head.php on line 18
[27-Nov-2020 03:11:55 Europe/Berlin] PHP Notice:  Undefined variable: CURRENT_PAGE in C:\xampp\htdocs\Q&A\includes\template\head.php on line 21
[27-Nov-2020 03:11:55 Europe/Berlin] PHP Notice:  Undefined variable: CURRENT_PAGE in C:\xampp\htdocs\Q&A\includes\template\navigation.php on line 9
[27-Nov-2020 03:11:55 Europe/Berlin] PHP Notice:  Undefined variable: CURRENT_PAGE in C:\xampp\htdocs\Q&A\includes\template\navigation.php on line 10
[27-Nov-2020 03:11:55 Europe/Berlin] PHP Notice:  Undefined variable: CURRENT_PAGE in C:\xampp\htdocs\Q&A\includes\template\navigation.php on line 12
[27-Nov-2020 03:12:09 Europe/Berlin] PHP Notice:  Undefined variable: PAGE_TITLE in C:\xampp\htdocs\Q&A\includes\template\head.php on line 16
[27-Nov-2020 03:12:09 Europe/Berlin] PHP Notice:  Undefined variable: CURRENT_PAGE in C:\xampp\htdocs\Q&A\includes\template\head.php on line 18
[27-Nov-2020 03:12:09 Europe/Berlin] PHP Notice:  Undefined variable: CURRENT_PAGE in C:\xampp\htdocs\Q&A\includes\template\head.php on line 21
[27-Nov-2020 03:12:09 Europe/Berlin] PHP Notice:  Undefined variable: CURRENT_PAGE in C:\xampp\htdocs\Q&A\includes\template\navigation.php on line 9
[27-Nov-2020 03:12:09 Europe/Berlin] PHP Notice:  Undefined variable: CURRENT_PAGE in C:\xampp\htdocs\Q&A\includes\template\navigation.php on line 10
[27-Nov-2020 03:12:09 Europe/Berlin] PHP Notice:  Undefined variable: CURRENT_PAGE in C:\xampp\htdocs\Q&A\includes\template\navigation.php on line 12
[27-Nov-2020 03:16:53 Europe/Berlin] PHP Notice:  Undefined index: register in C:\xampp\htdocs\Q&A\register.php on line 6
[27-Nov-2020 03:16:53 Europe/Berlin] PHP Notice:  Undefined variable: PAGE_TITLE in C:\xampp\htdocs\Q&A\includes\template\head.php on line 16
[27-Nov-2020 03:16:53 Europe/Berlin] PHP Notice:  Undefined variable: CURRENT_PAGE in C:\xampp\htdocs\Q&A\includes\template\head.php on line 18
[27-Nov-2020 03:16:53 Europe/Berlin] PHP Notice:  Undefined variable: CURRENT_PAGE in C:\xampp\htdocs\Q&A\includes\template\head.php on line 21
[27-Nov-2020 03:16:53 Europe/Berlin] PHP Notice:  Undefined variable: CURRENT_PAGE in C:\xampp\htdocs\Q&A\includes\template\navigation.php on line 9
[27-Nov-2020 03:16:53 Europe/Berlin] PHP Notice:  Undefined variable: CURRENT_PAGE in C:\xampp\htdocs\Q&A\includes\template\navigation.php on line 10
[27-Nov-2020 03:16:53 Europe/Berlin] PHP Notice:  Undefined variable: CURRENT_PAGE in C:\xampp\htdocs\Q&A\includes\template\navigation.php on line 12
[27-Nov-2020 03:16:55 Europe/Berlin] PHP Notice:  Undefined index: login in C:\xampp\htdocs\Q&A\login.php on line 8
[27-Nov-2020 03:16:56 Europe/Berlin] PHP Notice:  Undefined index: register in C:\xampp\htdocs\Q&A\register.php on line 6
[27-Nov-2020 03:16:56 Europe/Berlin] PHP Notice:  Undefined variable: PAGE_TITLE in C:\xampp\htdocs\Q&A\includes\template\head.php on line 16
[27-Nov-2020 03:16:56 Europe/Berlin] PHP Notice:  Undefined variable: CURRENT_PAGE in C:\xampp\htdocs\Q&A\includes\template\head.php on line 18
[27-Nov-2020 03:16:56 Europe/Berlin] PHP Notice:  Undefined variable: CURRENT_PAGE in C:\xampp\htdocs\Q&A\includes\template\head.php on line 21
[27-Nov-2020 03:16:56 Europe/Berlin] PHP Notice:  Undefined variable: CURRENT_PAGE in C:\xampp\htdocs\Q&A\includes\template\navigation.php on line 9
[27-Nov-2020 03:16:56 Europe/Berlin] PHP Notice:  Undefined variable: CURRENT_PAGE in C:\xampp\htdocs\Q&A\includes\template\navigation.php on line 10
[27-Nov-2020 03:16:56 Europe/Berlin] PHP Notice:  Undefined variable: CURRENT_PAGE in C:\xampp\htdocs\Q&A\includes\template\navigation.php on line 12
[27-Nov-2020 03:17:06 Europe/Berlin] PHP Notice:  Undefined index: login in C:\xampp\htdocs\Q&A\login.php on line 8
[27-Nov-2020 03:31:10 Europe/Berlin] PHP Notice:  Undefined index: login in C:\xampp\htdocs\Q&A\login.php on line 8
[27-Nov-2020 03:48:00 Europe/Berlin] PHP Notice:  Undefined index: login in C:\xampp\htdocs\Q&A\login.php on line 8
[27-Nov-2020 03:49:13 Europe/Berlin] PHP Notice:  Undefined index: login in C:\xampp\htdocs\Q&A\login.php on line 8
[27-Nov-2020 03:49:20 Europe/Berlin] PHP Notice:  Undefined index: login in C:\xampp\htdocs\Q&A\login.php on line 8
[27-Nov-2020 03:52:09 Europe/Berlin] PHP Notice:  Undefined index: login in C:\xampp\htdocs\Q&A\login.php on line 8
[27-Nov-2020 03:52:13 Europe/Berlin] PHP Notice:  Undefined index: login in C:\xampp\htdocs\Q&A\login.php on line 8
[27-Nov-2020 03:54:13 Europe/Berlin] PHP Notice:  Undefined index: login in C:\xampp\htdocs\Q&A\login.php on line 8
[27-Nov-2020 03:54:46 Europe/Berlin] PHP Notice:  Undefined index: login in C:\xampp\htdocs\Q&A\login.php on line 8
[27-Nov-2020 03:54:48 Europe/Berlin] PHP Notice:  Undefined index: register in C:\xampp\htdocs\Q&A\register.php on line 6
[27-Nov-2020 03:54:48 Europe/Berlin] PHP Notice:  Undefined variable: PAGE_TITLE in C:\xampp\htdocs\Q&A\includes\template\head.php on line 16
[27-Nov-2020 03:54:48 Europe/Berlin] PHP Notice:  Undefined variable: CURRENT_PAGE in C:\xampp\htdocs\Q&A\includes\template\navigation.php on line 9
[27-Nov-2020 03:54:48 Europe/Berlin] PHP Notice:  Undefined variable: CURRENT_PAGE in C:\xampp\htdocs\Q&A\includes\template\navigation.php on line 10
[27-Nov-2020 03:54:48 Europe/Berlin] PHP Notice:  Undefined variable: CURRENT_PAGE in C:\xampp\htdocs\Q&A\includes\template\navigation.php on line 12
[27-Nov-2020 03:54:49 Europe/Berlin] PHP Notice:  Undefined index: login in C:\xampp\htdocs\Q&A\login.php on line 8
[27-Nov-2020 12:28:56 Europe/Berlin] PHP Notice:  Undefined index: login in C:\xampp\htdocs\Q&A\login.php on line 8
[27-Nov-2020 12:28:58 Europe/Berlin] PHP Notice:  Undefined index: register in C:\xampp\htdocs\Q&A\register.php on line 6
[27-Nov-2020 12:28:58 Europe/Berlin] PHP Notice:  Undefined variable: PAGE_TITLE in C:\xampp\htdocs\Q&A\includes\template\head.php on line 16
[27-Nov-2020 12:28:58 Europe/Berlin] PHP Notice:  Undefined variable: CURRENT_PAGE in C:\xampp\htdocs\Q&A\includes\template\navigation.php on line 9
[27-Nov-2020 12:28:58 Europe/Berlin] PHP Notice:  Undefined variable: CURRENT_PAGE in C:\xampp\htdocs\Q&A\includes\template\navigation.php on line 10
[27-Nov-2020 12:28:58 Europe/Berlin] PHP Notice:  Undefined variable: CURRENT_PAGE in C:\xampp\htdocs\Q&A\includes\template\navigation.php on line 12
[27-Nov-2020 12:29:15 Europe/Berlin] PHP Notice:  Undefined variable: PAGE_TITLE in C:\xampp\htdocs\Q&A\includes\template\head.php on line 16
[27-Nov-2020 12:29:15 Europe/Berlin] PHP Notice:  Undefined variable: CURRENT_PAGE in C:\xampp\htdocs\Q&A\includes\template\navigation.php on line 9
[27-Nov-2020 12:29:15 Europe/Berlin] PHP Notice:  Undefined variable: CURRENT_PAGE in C:\xampp\htdocs\Q&A\includes\template\navigation.php on line 10
[27-Nov-2020 12:29:15 Europe/Berlin] PHP Notice:  Undefined variable: CURRENT_PAGE in C:\xampp\htdocs\Q&A\includes\template\navigation.php on line 12
[27-Nov-2020 13:00:13 Europe/Berlin] PHP Notice:  Undefined index: login in C:\xampp\htdocs\Q&A\login.php on line 8
[27-Nov-2020 13:00:29 Europe/Berlin] PHP Notice:  Undefined index: register in C:\xampp\htdocs\Q&A\register.php on line 6
[27-Nov-2020 13:00:29 Europe/Berlin] PHP Notice:  Undefined variable: PAGE_TITLE in C:\xampp\htdocs\Q&A\includes\template\head.php on line 16
[27-Nov-2020 13:00:29 Europe/Berlin] PHP Notice:  Undefined variable: CURRENT_PAGE in C:\xampp\htdocs\Q&A\includes\template\navigation.php on line 9
[27-Nov-2020 13:00:29 Europe/Berlin] PHP Notice:  Undefined variable: CURRENT_PAGE in C:\xampp\htdocs\Q&A\includes\template\navigation.php on line 10
[27-Nov-2020 13:00:29 Europe/Berlin] PHP Notice:  Undefined variable: CURRENT_PAGE in C:\xampp\htdocs\Q&A\includes\template\navigation.php on line 12
[11-Dec-2020 23:34:26 Europe/Berlin] PHP Notice:  Undefined index: login in C:\xampp\htdocs\Q&A\login.php on line 8
[11-Dec-2020 23:36:09 Europe/Berlin] PHP Notice:  Undefined index: login in C:\xampp\htdocs\Q&A\login.php on line 8
[11-Dec-2020 23:36:13 Europe/Berlin] PHP Notice:  Undefined index: login in C:\xampp\htdocs\Q&A\login.php on line 8
[11-Dec-2020 23:36:54 Europe/Berlin] PHP Notice:  Undefined index: login in C:\xampp\htdocs\Q&A\login.php on line 8
[14-Dec-2020 23:08:54 Europe/Berlin] PHP Notice:  Undefined index: login in C:\xampp\htdocs\Q&A\login.php on line 8
[14-Dec-2020 23:08:57 Europe/Berlin] PHP Notice:  Undefined index: login in C:\xampp\htdocs\Q&A\login.php on line 8
[14-Dec-2020 23:12:22 Europe/Berlin] PHP Notice:  Undefined index: login in C:\xampp\htdocs\Q&A\login.php on line 8
[15-Dec-2020 01:42:20 Europe/Berlin] PHP Notice:  Undefined index: login in C:\xampp\htdocs\Q&A\login.php on line 8
[15-Dec-2020 01:42:28 Europe/Berlin] PHP Notice:  Undefined variable: _SESSION in C:\xampp\htdocs\Q&A\survey.php on line 32
[15-Dec-2020 01:42:28 Europe/Berlin] PHP Notice:  Trying to access array offset on value of type null in C:\xampp\htdocs\Q&A\survey.php on line 32
[15-Dec-2020 23:27:20 Europe/Berlin] PHP Notice:  Undefined variable: _SESSION in C:\xampp\htdocs\Q&A\survey.php on line 32
[15-Dec-2020 23:27:20 Europe/Berlin] PHP Notice:  Trying to access array offset on value of type null in C:\xampp\htdocs\Q&A\survey.php on line 32
[16-Dec-2020 00:13:36 Europe/Berlin] PHP Notice:  Undefined index: login in C:\xampp\htdocs\Q&A\login.php on line 8
[16-Dec-2020 00:23:28 Europe/Berlin] PHP Notice:  Undefined index: login in C:\xampp\htdocs\Q&A\login.php on line 8
[16-Dec-2020 00:23:37 Europe/Berlin] PHP Notice:  Undefined index: register in C:\xampp\htdocs\Q&A\register.php on line 6
[16-Dec-2020 00:23:37 Europe/Berlin] PHP Notice:  Undefined variable: PAGE_TITLE in C:\xampp\htdocs\Q&A\includes\template\head.php on line 16
[16-Dec-2020 00:23:37 Europe/Berlin] PHP Notice:  Undefined variable: CURRENT_PAGE in C:\xampp\htdocs\Q&A\includes\template\navigation.php on line 9
[16-Dec-2020 00:23:37 Europe/Berlin] PHP Notice:  Undefined variable: CURRENT_PAGE in C:\xampp\htdocs\Q&A\includes\template\navigation.php on line 10
[16-Dec-2020 00:23:37 Europe/Berlin] PHP Notice:  Undefined variable: CURRENT_PAGE in C:\xampp\htdocs\Q&A\includes\template\navigation.php on line 12
[16-Dec-2020 00:24:02 Europe/Berlin] PHP Notice:  Undefined variable: PAGE_TITLE in C:\xampp\htdocs\Q&A\includes\template\head.php on line 16
[16-Dec-2020 00:24:02 Europe/Berlin] PHP Notice:  Undefined variable: CURRENT_PAGE in C:\xampp\htdocs\Q&A\includes\template\navigation.php on line 9
[16-Dec-2020 00:24:02 Europe/Berlin] PHP Notice:  Undefined variable: CURRENT_PAGE in C:\xampp\htdocs\Q&A\includes\template\navigation.php on line 10
[16-Dec-2020 00:24:02 Europe/Berlin] PHP Notice:  Undefined variable: CURRENT_PAGE in C:\xampp\htdocs\Q&A\includes\template\navigation.php on line 12
[16-Dec-2020 00:24:14 Europe/Berlin] PHP Notice:  Undefined index: login in C:\xampp\htdocs\Q&A\login.php on line 8
[16-Dec-2020 00:24:18 Europe/Berlin] PHP Notice:  Undefined index: login in C:\xampp\htdocs\Q&A\login.php on line 8
[16-Dec-2020 00:25:58 Europe/Berlin] PHP Notice:  Undefined index: login in C:\xampp\htdocs\Q&A\login.php on line 8
[16-Dec-2020 00:26:02 Europe/Berlin] PHP Notice:  Undefined index: login in C:\xampp\htdocs\Q&A\login.php on line 8
[16-Dec-2020 00:26:05 Europe/Berlin] PHP Notice:  Undefined index: login in C:\xampp\htdocs\Q&A\login.php on line 8
[16-Dec-2020 00:26:06 Europe/Berlin] PHP Notice:  Undefined index: login in C:\xampp\htdocs\Q&A\login.php on line 8
[16-Dec-2020 00:26:08 Europe/Berlin] PHP Notice:  Undefined index: login in C:\xampp\htdocs\Q&A\login.php on line 8
[16-Dec-2020 00:26:09 Europe/Berlin] PHP Notice:  Undefined index: login in C:\xampp\htdocs\Q&A\login.php on line 8
[16-Dec-2020 00:26:31 Europe/Berlin] PHP Notice:  Undefined index: login in C:\xampp\htdocs\Q&A\login.php on line 8
[16-Dec-2020 00:29:07 Europe/Berlin] PHP Notice:  Undefined index: login in C:\xampp\htdocs\Q&A\login.php on line 8
[16-Dec-2020 00:34:33 Europe/Berlin] PHP Notice:  Undefined index: login in C:\xampp\htdocs\Q&A\login.php on line 8
[16-Dec-2020 00:47:43 Europe/Berlin] PHP Notice:  Undefined index: login in C:\xampp\htdocs\Q&A\login.php on line 8
[17-Dec-2020 00:12:21 Europe/Berlin] PHP Warning:  mysqli::__construct(): (HY000/2002): Impossibile stabilire la connessione. Rifiuto persistente del computer di destinazione.
 in C:\xampp\htdocs\Q&A\config\dbConnect.php on line 10
[17-Dec-2020 00:12:25 Europe/Berlin] PHP Warning:  mysqli::__construct(): (HY000/2002): Impossibile stabilire la connessione. Rifiuto persistente del computer di destinazione.
 in C:\xampp\htdocs\Q&A\login.php on line 7
[17-Dec-2020 00:12:25 Europe/Berlin] PHP Notice:  Undefined index: login in C:\xampp\htdocs\Q&A\login.php on line 8
[17-Dec-2020 00:12:29 Europe/Berlin] PHP Warning:  mysqli::__construct(): (HY000/2002): Impossibile stabilire la connessione. Rifiuto persistente del computer di destinazione.
 in C:\xampp\htdocs\Q&A\config\dbConnect.php on line 10
[17-Dec-2020 00:12:34 Europe/Berlin] PHP Warning:  mysqli::__construct(): (HY000/2002): Impossibile stabilire la connessione. Rifiuto persistente del computer di destinazione.
 in C:\xampp\htdocs\Q&A\login.php on line 7
[17-Dec-2020 00:12:34 Europe/Berlin] PHP Notice:  Undefined index: login in C:\xampp\htdocs\Q&A\login.php on line 8
[17-Dec-2020 00:12:38 Europe/Berlin] PHP Warning:  mysqli::__construct(): (HY000/2002): Impossibile stabilire la connessione. Rifiuto persistente del computer di destinazione.
 in C:\xampp\htdocs\Q&A\config\dbConnect.php on line 10
[17-Dec-2020 00:12:42 Europe/Berlin] PHP Warning:  mysqli::__construct(): (HY000/2002): Impossibile stabilire la connessione. Rifiuto persistente del computer di destinazione.
 in C:\xampp\htdocs\Q&A\login.php on line 7
[17-Dec-2020 00:12:42 Europe/Berlin] PHP Notice:  Undefined index: login in C:\xampp\htdocs\Q&A\login.php on line 8
[17-Dec-2020 00:12:46 Europe/Berlin] PHP Warning:  mysqli::__construct(): (HY000/2002): Impossibile stabilire la connessione. Rifiuto persistente del computer di destinazione.
 in C:\xampp\htdocs\Q&A\config\dbConnect.php on line 10
[17-Dec-2020 00:12:49 Europe/Berlin] PHP Notice:  Undefined index: login in C:\xampp\htdocs\Q&A\login.php on line 8
[17-Dec-2020 00:12:49 Europe/Berlin] PHP Notice:  Undefined index: login in C:\xampp\htdocs\Q&A\login.php on line 8
[17-Dec-2020 00:12:51 Europe/Berlin] PHP Notice:  Undefined index: login in C:\xampp\htdocs\Q&A\login.php on line 8
[17-Dec-2020 01:46:18 Europe/Berlin] PHP Notice:  Undefined index: login in C:\xampp\htdocs\Q&A\login.php on line 8
[17-Dec-2020 03:15:41 Europe/Berlin] PHP Deprecated:  Non-static method Question::build() should not be called statically in C:\xampp\htdocs\Q&A\survey.php on line 52
[17-Dec-2020 03:15:41 Europe/Berlin] PHP Fatal error:  Uncaught Error: Using $this when not in object context in C:\xampp\htdocs\Q&A\class\class-question.php:15
Stack trace:
#0 C:\xampp\htdocs\Q&A\survey.php(52): Question::build()
#1 {main}
  thrown in C:\xampp\htdocs\Q&A\class\class-question.php on line 15
